17-02-2018 10:02:34 |list data|list_single|1|Where Date_Name between '2018-02-17 00:00:00' and '2018-02-17 10:02:00' and Status =  'pending'  |SQLSTATE[42S22]: Column not found: 1054 Unknown column 'Date_Name' in 'where clause'
---------------------------------------||#
17-02-2018 10:02:34 |list data|list_single|1|Where Date_Name between '2018-02-17 00:00:00' and '2018-02-17 10:02:00' and Status =  'pending'  |SQLSTATE[42S22]: Column not found: 1054 Unknown column 'Date_Name' in 'where clause'
---------------------------------------||#
17-02-2018 10:15:59 |list data|list_single|1|Where Date_Name between '2018-02-17 00:00:00' and '2018-02-17 10:15:00' and|SQLSTATE[42000]: Syntax error or access violation: 1064 You have an error in your SQL syntax; check the manual that corresponds to your MariaDB server version for the right syntax to use near 'order by id asc' at line 1
---------------------------------------||#
17-02-2018 10:15:59 |list data|list_single|1|Where Date_Name between '2018-02-17 00:00:00' and '2018-02-17 10:15:00' and|SQLSTATE[42000]: Syntax error or access violation: 1064 You have an error in your SQL syntax; check the manual that corresponds to your MariaDB server version for the right syntax to use near 'order by id asc' at line 1
---------------------------------------||#
17-02-2018 10:17:55 |list data|list_single|1|Where Date_Name between '2018-02-17 00:00:00' and '2018-02-17 10:17:00' and Status =  'inactive'  |SQLSTATE[42S22]: Column not found: 1054 Unknown column 'Date_Name' in 'where clause'
---------------------------------------||#
17-02-2018 10:17:56 |list data|list_single|1|Where Date_Name between '2018-02-17 00:00:00' and '2018-02-17 10:17:00' and Status =  'inactive'  |SQLSTATE[42S22]: Column not found: 1054 Unknown column 'Date_Name' in 'where clause'
---------------------------------------||#
17-02-2018 10:18:28 |list data|list_single|1|Where |SQLSTATE[42000]: Syntax error or access violation: 1064 You have an error in your SQL syntax; check the manual that corresponds to your MariaDB server version for the right syntax to use near 'order by id asc' at line 1
---------------------------------------||#
17-02-2018 10:18:28 |list data|list_single|1|Where |SQLSTATE[42000]: Syntax error or access violation: 1064 You have an error in your SQL syntax; check the manual that corresponds to your MariaDB server version for the right syntax to use near 'order by id asc' at line 1
---------------------------------------||#
17-02-2018 11:18:40 |list data|list_single|1|Where |SQLSTATE[42000]: Syntax error or access violation: 1064 You have an error in your SQL syntax; check the manual that corresponds to your MariaDB server version for the right syntax to use near 'order by id asc' at line 1
---------------------------------------||#
17-02-2018 11:18:40 |list data|list_single|1|Where |SQLSTATE[42000]: Syntax error or access violation: 1064 You have an error in your SQL syntax; check the manual that corresponds to your MariaDB server version for the right syntax to use near 'order by id asc' at line 1
---------------------------------------||#
17-02-2018 11:19:30 |list data|list_single|1|Where |SQLSTATE[42000]: Syntax error or access violation: 1064 You have an error in your SQL syntax; check the manual that corresponds to your MariaDB server version for the right syntax to use near 'order by id asc' at line 1
---------------------------------------||#
17-02-2018 11:19:31 |list data|list_single|1|Where |SQLSTATE[42000]: Syntax error or access violation: 1064 You have an error in your SQL syntax; check the manual that corresponds to your MariaDB server version for the right syntax to use near 'order by id asc' at line 1
---------------------------------------||#
17-02-2018 11:19:45 |list data|list_single|1|Where |SQLSTATE[42000]: Syntax error or access violation: 1064 You have an error in your SQL syntax; check the manual that corresponds to your MariaDB server version for the right syntax to use near 'order by id asc' at line 1
---------------------------------------||#
17-02-2018 11:19:46 |list data|list_single|1|Where |SQLSTATE[42000]: Syntax error or access violation: 1064 You have an error in your SQL syntax; check the manual that corresponds to your MariaDB server version for the right syntax to use near 'order by id asc' at line 1
---------------------------------------||#
17-02-2018 11:20:46 |list data|list_single|1|Where |SQLSTATE[42000]: Syntax error or access violation: 1064 You have an error in your SQL syntax; check the manual that corresponds to your MariaDB server version for the right syntax to use near 'order by id asc' at line 1
---------------------------------------||#
17-02-2018 11:20:46 |list data|list_single|1|Where |SQLSTATE[42000]: Syntax error or access violation: 1064 You have an error in your SQL syntax; check the manual that corresponds to your MariaDB server version for the right syntax to use near 'order by id asc' at line 1
---------------------------------------||#
17-02-2018 11:21:04 |list data|list_single|1|Where |SQLSTATE[42000]: Syntax error or access violation: 1064 You have an error in your SQL syntax; check the manual that corresponds to your MariaDB server version for the right syntax to use near 'order by id asc' at line 1
---------------------------------------||#
17-02-2018 11:21:04 |list data|list_single|1|Where |SQLSTATE[42000]: Syntax error or access violation: 1064 You have an error in your SQL syntax; check the manual that corresponds to your MariaDB server version for the right syntax to use near 'order by id asc' at line 1
---------------------------------------||#
17-02-2018 11:21:42 |list data|list_single|1|Where |SQLSTATE[42000]: Syntax error or access violation: 1064 You have an error in your SQL syntax; check the manual that corresponds to your MariaDB server version for the right syntax to use near 'order by id asc' at line 1
---------------------------------------||#
17-02-2018 11:21:43 |list data|list_single|1|Where |SQLSTATE[42000]: Syntax error or access violation: 1064 You have an error in your SQL syntax; check the manual that corresponds to your MariaDB server version for the right syntax to use near 'order by id asc' at line 1
---------------------------------------||#
17-02-2018 11:25:06 |list data|list_single|1|Where Date_Name between '1970-01-01 05:30:00' and '1970-01-01 05:30:00' and|SQLSTATE[42000]: Syntax error or access violation: 1064 You have an error in your SQL syntax; check the manual that corresponds to your MariaDB server version for the right syntax to use near 'order by id asc' at line 1
---------------------------------------||#
17-02-2018 11:25:06 |list data|list_single|1|Where Date_Name between '1970-01-01 05:30:00' and '1970-01-01 05:30:00' and|SQLSTATE[42000]: Syntax error or access violation: 1064 You have an error in your SQL syntax; check the manual that corresponds to your MariaDB server version for the right syntax to use near 'order by id asc' at line 1
---------------------------------------||#
17-02-2018 11:25:23 |list data|list_single|1|Where Date_Name between '1970-01-01 05:30:00' and '1970-01-01 05:30:00' and|SQLSTATE[42000]: Syntax error or access violation: 1064 You have an error in your SQL syntax; check the manual that corresponds to your MariaDB server version for the right syntax to use near 'order by id asc' at line 1
---------------------------------------||#
17-02-2018 11:25:24 |list data|list_single|1|Where Date_Name between '1970-01-01 05:30:00' and '1970-01-01 05:30:00' and|SQLSTATE[42000]: Syntax error or access violation: 1064 You have an error in your SQL syntax; check the manual that corresponds to your MariaDB server version for the right syntax to use near 'order by id asc' at line 1
---------------------------------------||#
17-02-2018 11:27:10 |list data|list_single|1|Where Date_Name between '1970-01-01 05:30:00' and '1970-01-01 05:30:00' and|SQLSTATE[42000]: Syntax error or access violation: 1064 You have an error in your SQL syntax; check the manual that corresponds to your MariaDB server version for the right syntax to use near 'order by id asc' at line 1
---------------------------------------||#
17-02-2018 11:27:10 |list data|list_single|1|Where Date_Name between '1970-01-01 05:30:00' and '1970-01-01 05:30:00' and|SQLSTATE[42000]: Syntax error or access violation: 1064 You have an error in your SQL syntax; check the manual that corresponds to your MariaDB server version for the right syntax to use near 'order by id asc' at line 1
---------------------------------------||#
17-02-2018 11:27:14 |list data|list_single|1|Where Date_Name between '2018-02-17 00:00:00' and '2018-02-17 11:27:00' and|SQLSTATE[42000]: Syntax error or access violation: 1064 You have an error in your SQL syntax; check the manual that corresponds to your MariaDB server version for the right syntax to use near 'order by id asc' at line 1
---------------------------------------||#
17-02-2018 11:27:14 |list data|list_single|1|Where Date_Name between '2018-02-17 00:00:00' and '2018-02-17 11:27:00' and|SQLSTATE[42000]: Syntax error or access violation: 1064 You have an error in your SQL syntax; check the manual that corresponds to your MariaDB server version for the right syntax to use near 'order by id asc' at line 1
---------------------------------------||#
17-02-2018 11:32:11 |list data|list_single|1|Where Date_Name between '2018-02-17 00:00:00' and '2018-02-17 11:27:00' and|SQLSTATE[42000]: Syntax error or access violation: 1064 You have an error in your SQL syntax; check the manual that corresponds to your MariaDB server version for the right syntax to use near 'order by id asc' at line 1
---------------------------------------||#
17-02-2018 11:32:11 |list data|list_single|1|Where Date_Name between '2018-02-17 00:00:00' and '2018-02-17 11:27:00' and|SQLSTATE[42000]: Syntax error or access violation: 1064 You have an error in your SQL syntax; check the manual that corresponds to your MariaDB server version for the right syntax to use near 'order by id asc' at line 1
---------------------------------------||#
17-02-2018 11:33:54 |list data|list_single|1|Where Date_Name between '2018-02-17 00:00:00' and '2018-02-17 11:27:00' and|SQLSTATE[42000]: Syntax error or access violation: 1064 You have an error in your SQL syntax; check the manual that corresponds to your MariaDB server version for the right syntax to use near 'order by id asc' at line 1
---------------------------------------||#
17-02-2018 11:33:54 |list data|list_single|1|Where Date_Name between '2018-02-17 00:00:00' and '2018-02-17 11:27:00' and|SQLSTATE[42000]: Syntax error or access violation: 1064 You have an error in your SQL syntax; check the manual that corresponds to your MariaDB server version for the right syntax to use near 'order by id asc' at line 1
---------------------------------------||#
17-02-2018 11:34:00 |list data|list_single|1|Where Date_Name between '2018-02-17 00:00:00' and '2018-02-17 11:27:00' and|SQLSTATE[42000]: Syntax error or access violation: 1064 You have an error in your SQL syntax; check the manual that corresponds to your MariaDB server version for the right syntax to use near 'order by id asc' at line 1
---------------------------------------||#
17-02-2018 11:34:00 |list data|list_single|1|Where Date_Name between '2018-02-17 00:00:00' and '2018-02-17 11:27:00' and|SQLSTATE[42000]: Syntax error or access violation: 1064 You have an error in your SQL syntax; check the manual that corresponds to your MariaDB server version for the right syntax to use near 'order by id asc' at line 1
---------------------------------------||#
17-02-2018 11:34:08 |list data|list_single|1|Where Date_Name between '2018-02-17 00:00:00' and '2018-02-17 11:27:00' and|SQLSTATE[42000]: Syntax error or access violation: 1064 You have an error in your SQL syntax; check the manual that corresponds to your MariaDB server version for the right syntax to use near 'order by id asc' at line 1
---------------------------------------||#
17-02-2018 11:34:08 |list data|list_single|1|Where Date_Name between '2018-02-17 00:00:00' and '2018-02-17 11:27:00' and|SQLSTATE[42000]: Syntax error or access violation: 1064 You have an error in your SQL syntax; check the manual that corresponds to your MariaDB server version for the right syntax to use near 'order by id asc' at line 1
---------------------------------------||#
17-02-2018 11:36:32 |list data|list_single|1|Where Date_Name between '2018-02-17 00:00:00' and '2018-02-17 11:27:00' and|SQLSTATE[42000]: Syntax error or access violation: 1064 You have an error in your SQL syntax; check the manual that corresponds to your MariaDB server version for the right syntax to use near 'order by id asc' at line 1
---------------------------------------||#
17-02-2018 11:36:32 |list data|list_single|1|Where Date_Name between '2018-02-17 00:00:00' and '2018-02-17 11:27:00' and|SQLSTATE[42000]: Syntax error or access violation: 1064 You have an error in your SQL syntax; check the manual that corresponds to your MariaDB server version for the right syntax to use near 'order by id asc' at line 1
---------------------------------------||#
17-02-2018 11:36:57 |list data|list_single|1|Where Date_Name between '2018-02-17 00:00:00' and '2018-02-17 11:27:00'|SQLSTATE[42S22]: Column not found: 1054 Unknown column 'Date_Name' in 'where clause'
---------------------------------------||#
17-02-2018 11:36:57 |list data|list_single|1|Where Date_Name between '2018-02-17 00:00:00' and '2018-02-17 11:27:00'|SQLSTATE[42S22]: Column not found: 1054 Unknown column 'Date_Name' in 'where clause'
---------------------------------------||#
17-02-2018 11:42:55 |list data|list_single|1|Where date_stamp between '2016-02-22 00:00:00' and '2016-02-23 23:59:00'   Status =  'pending'|SQLSTATE[42000]: Syntax error or access violation: 1064 You have an error in your SQL syntax; check the manual that corresponds to your MariaDB server version for the right syntax to use near 'Status =  'pending'  order by id asc' at line 1
---------------------------------------||#
17-02-2018 11:42:55 |list data|list_single|1|Where date_stamp between '2016-02-22 00:00:00' and '2016-02-23 23:59:00'   Status =  'pending'|SQLSTATE[42000]: Syntax error or access violation: 1064 You have an error in your SQL syntax; check the manual that corresponds to your MariaDB server version for the right syntax to use near 'Status =  'pending'  order by id asc' at line 1
---------------------------------------||#
17-02-2018 11:43:37 |list data|list_single|1|Where date_stamp between '2016-02-22 00:00:00' and '2016-02-23 23:59:00'   Status =  'pending'|SQLSTATE[42000]: Syntax error or access violation: 1064 You have an error in your SQL syntax; check the manual that corresponds to your MariaDB server version for the right syntax to use near 'Status =  'pending'  order by id asc' at line 1
---------------------------------------||#
17-02-2018 11:43:38 |list data|list_single|1|Where date_stamp between '2016-02-22 00:00:00' and '2016-02-23 23:59:00'   Status =  'pending'|SQLSTATE[42000]: Syntax error or access violation: 1064 You have an error in your SQL syntax; check the manual that corresponds to your MariaDB server version for the right syntax to use near 'Status =  'pending'  order by id asc' at line 1
---------------------------------------||#
17-02-2018 11:46:45 |list data|list_single|1|Where  and Status =  'active'|SQLSTATE[42000]: Syntax error or access violation: 1064 You have an error in your SQL syntax; check the manual that corresponds to your MariaDB server version for the right syntax to use near 'and Status =  'active'  order by id asc' at line 1
---------------------------------------||#
17-02-2018 11:46:45 |list data|list_single|1|Where  and Status =  'active'|SQLSTATE[42000]: Syntax error or access violation: 1064 You have an error in your SQL syntax; check the manual that corresponds to your MariaDB server version for the right syntax to use near 'and Status =  'active'  order by id asc' at line 1
---------------------------------------||#
17-02-2018 11:47:10 |list data|list_single|1|Where  and Status =  'active'|SQLSTATE[42000]: Syntax error or access violation: 1064 You have an error in your SQL syntax; check the manual that corresponds to your MariaDB server version for the right syntax to use near 'and Status =  'active'  order by id asc' at line 1
---------------------------------------||#
17-02-2018 11:47:10 |list data|list_single|1|Where  and Status =  'active'|SQLSTATE[42000]: Syntax error or access violation: 1064 You have an error in your SQL syntax; check the manual that corresponds to your MariaDB server version for the right syntax to use near 'and Status =  'active'  order by id asc' at line 1
---------------------------------------||#
17-02-2018 11:49:39 |list data|list_single|1|Where date_stamp between '2016-02-22 00:00:00' and '2016-02-22 23:59:00'   Status =  'active'|SQLSTATE[42000]: Syntax error or access violation: 1064 You have an error in your SQL syntax; check the manual that corresponds to your MariaDB server version for the right syntax to use near 'Status =  'active'  order by id asc' at line 1
---------------------------------------||#
17-02-2018 11:49:39 |list data|list_single|1|Where date_stamp between '2016-02-22 00:00:00' and '2016-02-22 23:59:00'   Status =  'active'|SQLSTATE[42000]: Syntax error or access violation: 1064 You have an error in your SQL syntax; check the manual that corresponds to your MariaDB server version for the right syntax to use near 'Status =  'active'  order by id asc' at line 1
---------------------------------------||#
17-02-2018 11:52:23 |list data|list_single|1|Where date_stamp between '2016-02-22 00:00:00' and '2016-02-22 23:59:00'   Status =  'active'|SQLSTATE[42000]: Syntax error or access violation: 1064 You have an error in your SQL syntax; check the manual that corresponds to your MariaDB server version for the right syntax to use near 'Status =  'active'  order by id asc' at line 1
---------------------------------------||#
17-02-2018 11:52:23 |list data|list_single|1|Where date_stamp between '2016-02-22 00:00:00' and '2016-02-22 23:59:00'   Status =  'active'|SQLSTATE[42000]: Syntax error or access violation: 1064 You have an error in your SQL syntax; check the manual that corresponds to your MariaDB server version for the right syntax to use near 'Status =  'active'  order by id asc' at line 1
---------------------------------------||#
17-02-2018 14:58:11 |list data|list_single|1|Where date_stamp between '2016-02-22 00:00:00' and '2016-02-22 23:59:00'Status =  'active'   |SQLSTATE[42000]: Syntax error or access violation: 1064 You have an error in your SQL syntax; check the manual that corresponds to your MariaDB server version for the right syntax to use near 'Status =  'active'     order by id asc' at line 1
---------------------------------------||#
17-02-2018 14:58:11 |list data|list_single|1|Where date_stamp between '2016-02-22 00:00:00' and '2016-02-22 23:59:00'Status =  'active'   |SQLSTATE[42000]: Syntax error or access violation: 1064 You have an error in your SQL syntax; check the manual that corresponds to your MariaDB server version for the right syntax to use near 'Status =  'active'     order by id asc' at line 1
---------------------------------------||#
17-02-2018 14:58:48 |list data|list_single|1|Where date_stamp between '2016-02-22 00:00:00' and '2016-02-22 23:59:00' andStatus =  'active'   |SQLSTATE[42000]: Syntax error or access violation: 1064 You have an error in your SQL syntax; check the manual that corresponds to your MariaDB server version for the right syntax to use near 'andStatus =  'active'     order by id asc' at line 1
---------------------------------------||#
17-02-2018 14:58:48 |list data|list_single|1|Where date_stamp between '2016-02-22 00:00:00' and '2016-02-22 23:59:00' andStatus =  'active'   |SQLSTATE[42000]: Syntax error or access violation: 1064 You have an error in your SQL syntax; check the manual that corresponds to your MariaDB server version for the right syntax to use near 'andStatus =  'active'     order by id asc' at line 1
---------------------------------------||#
17-02-2018 14:59:38 |list data|list_single|1|Where date_stamp between '2016-02-22 00:00:00' and '2016-02-22 23:59:00' andStatus =  'active'   |SQLSTATE[42000]: Syntax error or access violation: 1064 You have an error in your SQL syntax; check the manual that corresponds to your MariaDB server version for the right syntax to use near 'andStatus =  'active'     order by id asc' at line 1
---------------------------------------||#
17-02-2018 14:59:38 |list data|list_single|1|Where date_stamp between '2016-02-22 00:00:00' and '2016-02-22 23:59:00' andStatus =  'active'   |SQLSTATE[42000]: Syntax error or access violation: 1064 You have an error in your SQL syntax; check the manual that corresponds to your MariaDB server version for the right syntax to use near 'andStatus =  'active'     order by id asc' at line 1
---------------------------------------||#
17-02-2018 14:59:55 |list data|list_single|1|Where date_stamp between '2016-02-22 00:00:00' and '2016-02-22 23:59:00'  andStatus =  'active'   |SQLSTATE[42000]: Syntax error or access violation: 1064 You have an error in your SQL syntax; check the manual that corresponds to your MariaDB server version for the right syntax to use near 'andStatus =  'active'     order by id asc' at line 1
---------------------------------------||#
17-02-2018 14:59:55 |list data|list_single|1|Where date_stamp between '2016-02-22 00:00:00' and '2016-02-22 23:59:00'  andStatus =  'active'   |SQLSTATE[42000]: Syntax error or access violation: 1064 You have an error in your SQL syntax; check the manual that corresponds to your MariaDB server version for the right syntax to use near 'andStatus =  'active'     order by id asc' at line 1
---------------------------------------||#
17-02-2018 15:00:02 |list data|list_single|1|Where date_stamp between '2016-02-22 00:00:00' and '2016-02-22 23:59:00' andStatus =  'active'   |SQLSTATE[42000]: Syntax error or access violation: 1064 You have an error in your SQL syntax; check the manual that corresponds to your MariaDB server version for the right syntax to use near 'andStatus =  'active'     order by id asc' at line 1
---------------------------------------||#
17-02-2018 15:00:02 |list data|list_single|1|Where date_stamp between '2016-02-22 00:00:00' and '2016-02-22 23:59:00' andStatus =  'active'   |SQLSTATE[42000]: Syntax error or access violation: 1064 You have an error in your SQL syntax; check the manual that corresponds to your MariaDB server version for the right syntax to use near 'andStatus =  'active'     order by id asc' at line 1
---------------------------------------||#
17-02-2018 15:00:42 |list data|list_single|1|Where date_stamp between '2016-02-22 00:00:00' and '2016-02-22 23:59:00' andStatus =  'active'  |SQLSTATE[42000]: Syntax error or access violation: 1064 You have an error in your SQL syntax; check the manual that corresponds to your MariaDB server version for the right syntax to use near 'andStatus =  'active'    order by id asc' at line 1
---------------------------------------||#
17-02-2018 15:00:42 |list data|list_single|1|Where date_stamp between '2016-02-22 00:00:00' and '2016-02-22 23:59:00' andStatus =  'active'  |SQLSTATE[42000]: Syntax error or access violation: 1064 You have an error in your SQL syntax; check the manual that corresponds to your MariaDB server version for the right syntax to use near 'andStatus =  'active'    order by id asc' at line 1
---------------------------------------||#
17-02-2018 15:00:49 |list data|list_single|1|Where date_stamp between '2016-02-22 00:00:00' and '2016-02-22 23:59:00'  andStatus =  'active'  |SQLSTATE[42000]: Syntax error or access violation: 1064 You have an error in your SQL syntax; check the manual that corresponds to your MariaDB server version for the right syntax to use near 'andStatus =  'active'    order by id asc' at line 1
---------------------------------------||#
17-02-2018 15:00:50 |list data|list_single|1|Where date_stamp between '2016-02-22 00:00:00' and '2016-02-22 23:59:00'  andStatus =  'active'  |SQLSTATE[42000]: Syntax error or access violation: 1064 You have an error in your SQL syntax; check the manual that corresponds to your MariaDB server version for the right syntax to use near 'andStatus =  'active'    order by id asc' at line 1
---------------------------------------||#
17-02-2018 15:03:11 |list data|list_single|1|Where Status =  'inactive'  and |SQLSTATE[42000]: Syntax error or access violation: 1064 You have an error in your SQL syntax; check the manual that corresponds to your MariaDB server version for the right syntax to use near 'order by id asc' at line 1
---------------------------------------||#
17-02-2018 15:03:11 |list data|list_single|1|Where Status =  'inactive'  and |SQLSTATE[42000]: Syntax error or access violation: 1064 You have an error in your SQL syntax; check the manual that corresponds to your MariaDB server version for the right syntax to use near 'order by id asc' at line 1
---------------------------------------||#
17-02-2018 15:04:21 |list data|list_single|1|Where Status =  'inactive'  and |SQLSTATE[42000]: Syntax error or access violation: 1064 You have an error in your SQL syntax; check the manual that corresponds to your MariaDB server version for the right syntax to use near 'order by id asc' at line 1
---------------------------------------||#
17-02-2018 15:04:21 |list data|list_single|1|Where Status =  'inactive'  and |SQLSTATE[42000]: Syntax error or access violation: 1064 You have an error in your SQL syntax; check the manual that corresponds to your MariaDB server version for the right syntax to use near 'order by id asc' at line 1
---------------------------------------||#
17-02-2018 15:04:47 |list data|list_single|1|Where Status =  'inactive'  and |SQLSTATE[42000]: Syntax error or access violation: 1064 You have an error in your SQL syntax; check the manual that corresponds to your MariaDB server version for the right syntax to use near 'order by id asc' at line 1
---------------------------------------||#
17-02-2018 15:04:48 |list data|list_single|1|Where Status =  'inactive'  and |SQLSTATE[42000]: Syntax error or access violation: 1064 You have an error in your SQL syntax; check the manual that corresponds to your MariaDB server version for the right syntax to use near 'order by id asc' at line 1
---------------------------------------||#
17-02-2018 15:05:09 |list data|list_single|1|Where Status =  'inactive'  and |SQLSTATE[42000]: Syntax error or access violation: 1064 You have an error in your SQL syntax; check the manual that corresponds to your MariaDB server version for the right syntax to use near 'order by id asc' at line 1
---------------------------------------||#
17-02-2018 15:05:09 |list data|list_single|1|Where Status =  'inactive'  and |SQLSTATE[42000]: Syntax error or access violation: 1064 You have an error in your SQL syntax; check the manual that corresponds to your MariaDB server version for the right syntax to use near 'order by id asc' at line 1
---------------------------------------||#
17-02-2018 15:05:32 |list data|list_single|1|Where Status =  'inactive'  and |SQLSTATE[42000]: Syntax error or access violation: 1064 You have an error in your SQL syntax; check the manual that corresponds to your MariaDB server version for the right syntax to use near 'order by id asc' at line 1
---------------------------------------||#
17-02-2018 15:05:32 |list data|list_single|1|Where Status =  'inactive'  and |SQLSTATE[42000]: Syntax error or access violation: 1064 You have an error in your SQL syntax; check the manual that corresponds to your MariaDB server version for the right syntax to use near 'order by id asc' at line 1
---------------------------------------||#
17-02-2018 15:05:41 |list data|list_single|1|Where Status =  'inactive'  and |SQLSTATE[42000]: Syntax error or access violation: 1064 You have an error in your SQL syntax; check the manual that corresponds to your MariaDB server version for the right syntax to use near 'order by id asc' at line 1
---------------------------------------||#
17-02-2018 15:05:41 |list data|list_single|1|Where Status =  'inactive'  and |SQLSTATE[42000]: Syntax error or access violation: 1064 You have an error in your SQL syntax; check the manual that corresponds to your MariaDB server version for the right syntax to use near 'order by id asc' at line 1
---------------------------------------||#
17-02-2018 15:09:54 |list data|list_single|1|Where Status =  'inactive'  and |SQLSTATE[42000]: Syntax error or access violation: 1064 You have an error in your SQL syntax; check the manual that corresponds to your MariaDB server version for the right syntax to use near 'order by id asc' at line 1
---------------------------------------||#
17-02-2018 15:09:54 |list data|list_single|1|Where Status =  'inactive'  and |SQLSTATE[42000]: Syntax error or access violation: 1064 You have an error in your SQL syntax; check the manual that corresponds to your MariaDB server version for the right syntax to use near 'order by id asc' at line 1
---------------------------------------||#
17-02-2018 15:10:08 |list data|list_single|1|Where Status =  'inactive'  and |SQLSTATE[42000]: Syntax error or access violation: 1064 You have an error in your SQL syntax; check the manual that corresponds to your MariaDB server version for the right syntax to use near 'order by id asc' at line 1
---------------------------------------||#
17-02-2018 15:10:08 |list data|list_single|1|Where Status =  'inactive'  and |SQLSTATE[42000]: Syntax error or access violation: 1064 You have an error in your SQL syntax; check the manual that corresponds to your MariaDB server version for the right syntax to use near 'order by id asc' at line 1
---------------------------------------||#
17-02-2018 15:10:24 |list data|list_single|1|Where Status =  'inactive'  and |SQLSTATE[42000]: Syntax error or access violation: 1064 You have an error in your SQL syntax; check the manual that corresponds to your MariaDB server version for the right syntax to use near 'order by id asc' at line 1
---------------------------------------||#
17-02-2018 15:10:24 |list data|list_single|1|Where Status =  'inactive'  and |SQLSTATE[42000]: Syntax error or access violation: 1064 You have an error in your SQL syntax; check the manual that corresponds to your MariaDB server version for the right syntax to use near 'order by id asc' at line 1
---------------------------------------||#
17-02-2018 15:10:33 |list data|list_single|1|Where Status =  'inactive'  and |SQLSTATE[42000]: Syntax error or access violation: 1064 You have an error in your SQL syntax; check the manual that corresponds to your MariaDB server version for the right syntax to use near 'order by id asc' at line 1
---------------------------------------||#
17-02-2018 15:10:33 |list data|list_single|1|Where Status =  'inactive'  and |SQLSTATE[42000]: Syntax error or access violation: 1064 You have an error in your SQL syntax; check the manual that corresponds to your MariaDB server version for the right syntax to use near 'order by id asc' at line 1
---------------------------------------||#
17-02-2018 15:10:40 |list data|list_single|1|Where Status =  'inactive'  and |SQLSTATE[42000]: Syntax error or access violation: 1064 You have an error in your SQL syntax; check the manual that corresponds to your MariaDB server version for the right syntax to use near 'order by id asc' at line 1
---------------------------------------||#
17-02-2018 15:10:41 |list data|list_single|1|Where Status =  'inactive'  and |SQLSTATE[42000]: Syntax error or access violation: 1064 You have an error in your SQL syntax; check the manual that corresponds to your MariaDB server version for the right syntax to use near 'order by id asc' at line 1
---------------------------------------||#
17-02-2018 15:10:45 |list data|list_single|1|Where Status =  'inactive'  and |SQLSTATE[42000]: Syntax error or access violation: 1064 You have an error in your SQL syntax; check the manual that corresponds to your MariaDB server version for the right syntax to use near 'order by id asc' at line 1
---------------------------------------||#
17-02-2018 15:10:45 |list data|list_single|1|Where Status =  'inactive'  and |SQLSTATE[42000]: Syntax error or access violation: 1064 You have an error in your SQL syntax; check the manual that corresponds to your MariaDB server version for the right syntax to use near 'order by id asc' at line 1
---------------------------------------||#
17-02-2018 15:13:12 |list data|list_single|1|Where Status =  'inactive'  and |SQLSTATE[42000]: Syntax error or access violation: 1064 You have an error in your SQL syntax; check the manual that corresponds to your MariaDB server version for the right syntax to use near 'order by id asc' at line 1
---------------------------------------||#
17-02-2018 15:13:13 |list data|list_single|1|Where Status =  'inactive'  and |SQLSTATE[42000]: Syntax error or access violation: 1064 You have an error in your SQL syntax; check the manual that corresponds to your MariaDB server version for the right syntax to use near 'order by id asc' at line 1
---------------------------------------||#
17-02-2018 15:13:28 |list data|list_single|1|Where Status =  'inactive'  and |SQLSTATE[42000]: Syntax error or access violation: 1064 You have an error in your SQL syntax; check the manual that corresponds to your MariaDB server version for the right syntax to use near 'order by id asc' at line 1
---------------------------------------||#
17-02-2018 15:13:28 |list data|list_single|1|Where Status =  'inactive'  and |SQLSTATE[42000]: Syntax error or access violation: 1064 You have an error in your SQL syntax; check the manual that corresponds to your MariaDB server version for the right syntax to use near 'order by id asc' at line 1
---------------------------------------||#
17-02-2018 15:18:40 |list data|list_single|1|Where Status =  'inactive'  and |SQLSTATE[42000]: Syntax error or access violation: 1064 You have an error in your SQL syntax; check the manual that corresponds to your MariaDB server version for the right syntax to use near 'order by id asc' at line 1
---------------------------------------||#
17-02-2018 15:18:41 |list data|list_single|1|Where Status =  'inactive'  and |SQLSTATE[42000]: Syntax error or access violation: 1064 You have an error in your SQL syntax; check the manual that corresponds to your MariaDB server version for the right syntax to use near 'order by id asc' at line 1
---------------------------------------||#
17-02-2018 15:19:21 |list data|list_single|1|Where Status =  'inactive'  and |SQLSTATE[42000]: Syntax error or access violation: 1064 You have an error in your SQL syntax; check the manual that corresponds to your MariaDB server version for the right syntax to use near 'order by id asc' at line 1
---------------------------------------||#
17-02-2018 15:19:21 |list data|list_single|1|Where Status =  'inactive'  and |SQLSTATE[42000]: Syntax error or access violation: 1064 You have an error in your SQL syntax; check the manual that corresponds to your MariaDB server version for the right syntax to use near 'order by id asc' at line 1
---------------------------------------||#
17-02-2018 15:20:11 |list data|list_single|1|Where Status =  'inactive'  and |SQLSTATE[42000]: Syntax error or access violation: 1064 You have an error in your SQL syntax; check the manual that corresponds to your MariaDB server version for the right syntax to use near 'order by id asc' at line 1
---------------------------------------||#
17-02-2018 15:20:12 |list data|list_single|1|Where Status =  'inactive'  and |SQLSTATE[42000]: Syntax error or access violation: 1064 You have an error in your SQL syntax; check the manual that corresponds to your MariaDB server version for the right syntax to use near 'order by id asc' at line 1
---------------------------------------||#
17-02-2018 15:21:20 |list data|list_single|1|Where Status =  'inactive'  and |SQLSTATE[42000]: Syntax error or access violation: 1064 You have an error in your SQL syntax; check the manual that corresponds to your MariaDB server version for the right syntax to use near 'order by id asc' at line 1
---------------------------------------||#
17-02-2018 15:21:20 |list data|list_single|1|Where Status =  'inactive'  and |SQLSTATE[42000]: Syntax error or access violation: 1064 You have an error in your SQL syntax; check the manual that corresponds to your MariaDB server version for the right syntax to use near 'order by id asc' at line 1
---------------------------------------||#
17-02-2018 15:21:34 |list data|list_single|1|Where Status =  'inactive'  and |SQLSTATE[42000]: Syntax error or access violation: 1064 You have an error in your SQL syntax; check the manual that corresponds to your MariaDB server version for the right syntax to use near 'order by id asc' at line 1
---------------------------------------||#
17-02-2018 15:21:35 |list data|list_single|1|Where Status =  'inactive'  and |SQLSTATE[42000]: Syntax error or access violation: 1064 You have an error in your SQL syntax; check the manual that corresponds to your MariaDB server version for the right syntax to use near 'order by id asc' at line 1
---------------------------------------||#
17-02-2018 15:21:46 |list data|list_single|1|Where Status =  'inactive'  and |SQLSTATE[42000]: Syntax error or access violation: 1064 You have an error in your SQL syntax; check the manual that corresponds to your MariaDB server version for the right syntax to use near 'order by id asc' at line 1
---------------------------------------||#
17-02-2018 15:21:47 |list data|list_single|1|Where Status =  'inactive'  and |SQLSTATE[42000]: Syntax error or access violation: 1064 You have an error in your SQL syntax; check the manual that corresponds to your MariaDB server version for the right syntax to use near 'order by id asc' at line 1
---------------------------------------||#
17-02-2018 15:21:51 |list data|list_single|1|Where Status =  'inactive'  and |SQLSTATE[42000]: Syntax error or access violation: 1064 You have an error in your SQL syntax; check the manual that corresponds to your MariaDB server version for the right syntax to use near 'order by id asc' at line 1
---------------------------------------||#
17-02-2018 15:21:51 |list data|list_single|1|Where Status =  'inactive'  and |SQLSTATE[42000]: Syntax error or access violation: 1064 You have an error in your SQL syntax; check the manual that corresponds to your MariaDB server version for the right syntax to use near 'order by id asc' at line 1
---------------------------------------||#
17-02-2018 15:22:09 |list data|list_single|1|Where Status =  'inactive'  and |SQLSTATE[42000]: Syntax error or access violation: 1064 You have an error in your SQL syntax; check the manual that corresponds to your MariaDB server version for the right syntax to use near 'order by id asc' at line 1
---------------------------------------||#
17-02-2018 15:22:09 |list data|list_single|1|Where Status =  'inactive'  and |SQLSTATE[42000]: Syntax error or access violation: 1064 You have an error in your SQL syntax; check the manual that corresponds to your MariaDB server version for the right syntax to use near 'order by id asc' at line 1
---------------------------------------||#
17-02-2018 15:22:12 |list data|list_single|1|Where Status =  'inactive'  and |SQLSTATE[42000]: Syntax error or access violation: 1064 You have an error in your SQL syntax; check the manual that corresponds to your MariaDB server version for the right syntax to use near 'order by id asc' at line 1
---------------------------------------||#
17-02-2018 15:22:13 |list data|list_single|1|Where Status =  'inactive'  and |SQLSTATE[42000]: Syntax error or access violation: 1064 You have an error in your SQL syntax; check the manual that corresponds to your MariaDB server version for the right syntax to use near 'order by id asc' at line 1
---------------------------------------||#
17-02-2018 15:22:20 |list data|list_single|1|Where Status =  'inactive'  and |SQLSTATE[42000]: Syntax error or access violation: 1064 You have an error in your SQL syntax; check the manual that corresponds to your MariaDB server version for the right syntax to use near 'order by id asc' at line 1
---------------------------------------||#
17-02-2018 15:22:20 |list data|list_single|1|Where Status =  'inactive'  and |SQLSTATE[42000]: Syntax error or access violation: 1064 You have an error in your SQL syntax; check the manual that corresponds to your MariaDB server version for the right syntax to use near 'order by id asc' at line 1
---------------------------------------||#
